<?xml version="1.0" encoding="UTF-8"?>
<testsuite name="getBank()" tests="2" skipped="0" failures="0" errors="0" timestamp="2022-05-20T12:35:47" hostname="sevBook3674.fritz.box" time="0.022">
  <properties/>
  <testcase name="should return Not found if the account number does not exist()" classname="com.example.tutorials.spingboot.wicke.controller.BankControllerTest$GetBank" time="0.013"/>
  <testcase name="should return the bank with the given account number()" classname="com.example.tutorials.spingboot.wicke.controller.BankControllerTest$GetBank" time="0.009"/>
  <system-out><![CDATA[2022-05-20 14:35:47.723  INFO 4051 --- [    Test worker] .b.t.c.SpringBootTestContextBootstrapper : Neither @ContextConfiguration nor @ContextHierarchy found for test class [com.example.tutorials.spingboot.wicke.controller.BankControllerTest$GetBank], using SpringBootContextLoader
2022-05-20 14:35:47.723  INFO 4051 --- [    Test worker] o.s.t.c.support.AbstractContextLoader    : Could not detect default resource locations for test class [com.example.tutorials.spingboot.wicke.controller.BankControllerTest$GetBank]: no resource found for suffixes {-context.xml, Context.groovy}.
2022-05-20 14:35:47.723  INFO 4051 --- [    Test worker] t.c.s.AnnotationConfigContextLoaderUtils : Could not detect default configuration classes for test class [com.example.tutorials.spingboot.wicke.controller.BankControllerTest$GetBank]: GetBank does not declare any static, non-private, non-final, nested classes annotated with @Configuration.
2022-05-20 14:35:47.725  INFO 4051 --- [    Test worker] .b.t.c.SpringBootTestContextBootstrapper : Found @SpringBootConfiguration com.example.tutorials.spingboot.wicke.WickeApplication for test class com.example.tutorials.spingboot.wicke.controller.BankControllerTest$GetBank
2022-05-20 14:35:47.726  INFO 4051 --- [    Test worker] .b.t.c.SpringBootTestContextBootstrapper : Loaded default TestExecutionListener class names from location [META-INF/spring.factories]: [org.springframework.boot.test.autoconfigure.restdocs.RestDocsTestExecutionListener, org.springframework.boot.test.autoconfigure.web.client.MockRestServiceServerResetTestExecutionListener, org.springframework.boot.test.autoconfigure.web.servlet.MockMvcPrintOnlyOnFailureTestExecutionListener, org.springframework.boot.test.autoconfigure.web.servlet.WebDriverTestExecutionListener, org.springframework.boot.test.autoconfigure.webservices.client.MockWebServiceServerTestExecutionListener, org.springframework.boot.test.mock.mockito.MockitoTestExecutionListener, org.springframework.boot.test.mock.mockito.ResetMocksTestExecutionListener, org.springframework.test.context.web.ServletTestExecutionListener, org.springframework.test.context.support.DirtiesContextBeforeModesTestExecutionListener, org.springframework.test.context.event.ApplicationEventsTestExecutionListener, org.springframework.test.context.support.DependencyInjectionTestExecutionListener, org.springframework.test.context.support.DirtiesContextTestExecutionListener, org.springframework.test.context.transaction.TransactionalTestExecutionListener, org.springframework.test.context.jdbc.SqlScriptsTestExecutionListener, org.springframework.test.context.event.EventPublishingTestExecutionListener]
2022-05-20 14:35:47.726  INFO 4051 --- [    Test worker] .b.t.c.SpringBootTestContextBootstrapper : Using TestExecutionListeners: [org.springframework.test.context.web.ServletTestExecutionListener@455da438, org.springframework.test.context.support.DirtiesContextBeforeModesTestExecutionListener@60652518, org.springframework.test.context.event.ApplicationEventsTestExecutionListener@438aaa9f, org.springframework.boot.test.mock.mockito.MockitoTestExecutionListener@3f06ebe0, org.springframework.boot.test.autoconfigure.SpringBootDependencyInjectionTestExecutionListener@1752e45c, org.springframework.test.context.support.DirtiesContextTestExecutionListener@5ed65e4b, org.springframework.test.context.event.EventPublishingTestExecutionListener@481ed95c, org.springframework.boot.test.autoconfigure.restdocs.RestDocsTestExecutionListener@40cf6254, org.springframework.boot.test.autoconfigure.web.client.MockRestServiceServerResetTestExecutionListener@40bf0e15, org.springframework.boot.test.autoconfigure.web.servlet.MockMvcPrintOnlyOnFailureTestExecutionListener@2c77344f, org.springframework.boot.test.autoconfigure.web.servlet.WebDriverTestExecutionListener@121ddca4, org.springframework.boot.test.autoconfigure.webservices.client.MockWebServiceServerTestExecutionListener@297bd171, org.springframework.boot.test.mock.mockito.ResetMocksTestExecutionListener@118cbded]

MockHttpServletRequest:
      HTTP Method = GET
      Request URI = /api/banks/does_not_exist
       Parameters = {}
          Headers = []
             Body = null
    Session Attrs = {}

Handler:
             Type = com.example.tutorials.spingboot.wicke.controller.BankController
           Method = com.example.tutorials.spingboot.wicke.controller.BankController#getBank(String)

Async:
    Async started = false
     Async result = null

Resolved Exception:
             Type = java.util.NoSuchElementException

ModelAndView:
        View name = null
             View = null
            Model = null

FlashMap:
       Attributes = null

MockHttpServletResponse:
           Status = 404
    Error message = null
          Headers = [Content-Type:"text/plain;charset=UTF-8", Content-Length:"56"]
     Content type = text/plain;charset=UTF-8
             Body = Could not find a bank with account Number does_not_exist
    Forwarded URL = null
   Redirected URL = null
          Cookies = []

MockHttpServletRequest:
      HTTP Method = GET
      Request URI = /api/banks/1234
       Parameters = {}
          Headers = []
             Body = null
    Session Attrs = {}

Handler:
             Type = com.example.tutorials.spingboot.wicke.controller.BankController
           Method = com.example.tutorials.spingboot.wicke.controller.BankController#getBank(String)

Async:
    Async started = false
     Async result = null

Resolved Exception:
             Type = null

ModelAndView:
        View name = null
             View = null
            Model = null

FlashMap:
       Attributes = null

MockHttpServletResponse:
           Status = 200
    Error message = null
          Headers = [Content-Type:"application/json"]
     Content type = application/json
             Body = {"accountNumber":"1234","trust":3.14,"transactionFee":17}
    Forwarded URL = null
   Redirected URL = null
          Cookies = []
]]></system-out>
  <system-err><![CDATA[]]></system-err>
</testsuite>
