<?xml version="1.0" encoding="UTF-8"?>
<testsuite name="PATCH /api/banks" tests="2" skipped="0" failures="0" errors="0" timestamp="2022-05-20T12:53:45" hostname="sevBook3674.fritz.box" time="0.01">
  <properties/>
  <testcase name="should update an existing bank()" classname="com.example.tutorials.spingboot.wicke.controller.BankControllerTest$PatchExistingBank" time="0.006"/>
  <testcase name="should return Bad Request if no bank with given account number exists()" classname="com.example.tutorials.spingboot.wicke.controller.BankControllerTest$PatchExistingBank" time="0.004"/>
  <system-out><![CDATA[2022-05-20 14:53:45.041  INFO 4573 --- [    Test worker] .b.t.c.SpringBootTestContextBootstrapper : Neither @ContextConfiguration nor @ContextHierarchy found for test class [com.example.tutorials.spingboot.wicke.controller.BankControllerTest$PatchExistingBank], using SpringBootContextLoader
2022-05-20 14:53:45.041  INFO 4573 --- [    Test worker] o.s.t.c.support.AbstractContextLoader    : Could not detect default resource locations for test class [com.example.tutorials.spingboot.wicke.controller.BankControllerTest$PatchExistingBank]: no resource found for suffixes {-context.xml, Context.groovy}.
2022-05-20 14:53:45.041  INFO 4573 --- [    Test worker] t.c.s.AnnotationConfigContextLoaderUtils : Could not detect default configuration classes for test class [com.example.tutorials.spingboot.wicke.controller.BankControllerTest$PatchExistingBank]: PatchExistingBank does not declare any static, non-private, non-final, nested classes annotated with @Configuration.
2022-05-20 14:53:45.043  INFO 4573 --- [    Test worker] .b.t.c.SpringBootTestContextBootstrapper : Found @SpringBootConfiguration com.example.tutorials.spingboot.wicke.WickeApplication for test class com.example.tutorials.spingboot.wicke.controller.BankControllerTest$PatchExistingBank
2022-05-20 14:53:45.044  INFO 4573 --- [    Test worker] .b.t.c.SpringBootTestContextBootstrapper : Loaded default TestExecutionListener class names from location [META-INF/spring.factories]: [org.springframework.boot.test.autoconfigure.restdocs.RestDocsTestExecutionListener, org.springframework.boot.test.autoconfigure.web.client.MockRestServiceServerResetTestExecutionListener, org.springframework.boot.test.autoconfigure.web.servlet.MockMvcPrintOnlyOnFailureTestExecutionListener, org.springframework.boot.test.autoconfigure.web.servlet.WebDriverTestExecutionListener, org.springframework.boot.test.autoconfigure.webservices.client.MockWebServiceServerTestExecutionListener, org.springframework.boot.test.mock.mockito.MockitoTestExecutionListener, org.springframework.boot.test.mock.mockito.ResetMocksTestExecutionListener, org.springframework.test.context.web.ServletTestExecutionListener, org.springframework.test.context.support.DirtiesContextBeforeModesTestExecutionListener, org.springframework.test.context.event.ApplicationEventsTestExecutionListener, org.springframework.test.context.support.DependencyInjectionTestExecutionListener, org.springframework.test.context.support.DirtiesContextTestExecutionListener, org.springframework.test.context.transaction.TransactionalTestExecutionListener, org.springframework.test.context.jdbc.SqlScriptsTestExecutionListener, org.springframework.test.context.event.EventPublishingTestExecutionListener]
2022-05-20 14:53:45.044  INFO 4573 --- [    Test worker] .b.t.c.SpringBootTestContextBootstrapper : Using TestExecutionListeners: [org.springframework.test.context.web.ServletTestExecutionListener@a03529c, org.springframework.test.context.support.DirtiesContextBeforeModesTestExecutionListener@1760e594, org.springframework.test.context.event.ApplicationEventsTestExecutionListener@4af70b83, org.springframework.boot.test.mock.mockito.MockitoTestExecutionListener@143413cd, org.springframework.boot.test.autoconfigure.SpringBootDependencyInjectionTestExecutionListener@4b32465, org.springframework.test.context.support.DirtiesContextTestExecutionListener@146f3d22, org.springframework.test.context.event.EventPublishingTestExecutionListener@66b6873f, org.springframework.boot.test.autoconfigure.restdocs.RestDocsTestExecutionListener@52285a5f, org.springframework.boot.test.autoconfigure.web.client.MockRestServiceServerResetTestExecutionListener@4fa5cc73, org.springframework.boot.test.autoconfigure.web.servlet.MockMvcPrintOnlyOnFailureTestExecutionListener@224e6e88, org.springframework.boot.test.autoconfigure.web.servlet.WebDriverTestExecutionListener@70139a81, org.springframework.boot.test.autoconfigure.webservices.client.MockWebServiceServerTestExecutionListener@60f9dc7e, org.springframework.boot.test.mock.mockito.ResetMocksTestExecutionListener@15e5246]

MockHttpServletRequest:
      HTTP Method = PATCH
      Request URI = /api/banks
       Parameters = {}
          Headers = [Content-Type:"application/json;charset=UTF-8", Content-Length:"55"]
             Body = {"accountNumber":"1234","trust":1.0,"transactionFee":1}
    Session Attrs = {}

Handler:
             Type = com.example.tutorials.spingboot.wicke.controller.BankController
           Method = com.example.tutorials.spingboot.wicke.controller.BankController#updateBank(Bank)

Async:
    Async started = false
     Async result = null

Resolved Exception:
             Type = null

ModelAndView:
        View name = null
             View = null
            Model = null

FlashMap:
       Attributes = null

MockHttpServletResponse:
           Status = 200
    Error message = null
          Headers = [Content-Type:"application/json"]
     Content type = application/json
             Body = {"accountNumber":"1234","trust":1.0,"transactionFee":1}
    Forwarded URL = null
   Redirected URL = null
          Cookies = []

MockHttpServletRequest:
      HTTP Method = PATCH
      Request URI = /api/banks
       Parameters = {}
          Headers = [Content-Type:"application/json;charset=UTF-8", Content-Length:"55"]
             Body = {"accountNumber":"does","trust":1.0,"transactionFee":1}
    Session Attrs = {}

Handler:
             Type = com.example.tutorials.spingboot.wicke.controller.BankController
           Method = com.example.tutorials.spingboot.wicke.controller.BankController#updateBank(Bank)

Async:
    Async started = false
     Async result = null

Resolved Exception:
             Type = java.util.NoSuchElementException

ModelAndView:
        View name = null
             View = null
            Model = null

FlashMap:
       Attributes = null

MockHttpServletResponse:
           Status = 404
    Error message = null
          Headers = [Content-Type:"text/plain;charset=UTF-8", Content-Length:"22"]
     Content type = text/plain;charset=UTF-8
             Body = Could not find a bank.
    Forwarded URL = null
   Redirected URL = null
          Cookies = []
]]></system-out>
  <system-err><![CDATA[]]></system-err>
</testsuite>
