<?xml version="1.0" encoding="UTF-8"?>
<testsuite name="POST /api/banks" tests="1" skipped="0" failures="0" errors="0" timestamp="2022-05-17T20:45:23" hostname="sevBook3674.fritz.box" time="0.278">
  <properties/>
  <testcase name="should return BAD REQUEST if bank with given account number already exists()" classname="com.example.tutorials.spingboot.wicke.controller.BankControllerTest$PostNewBank" time="0.278"/>
  <system-out><![CDATA[
  .   ____          _            __ _ _
 /\\ / ___'_ __ _ _(_)_ __  __ _ \ \ \ \
( ( )\___ | '_ | '_| | '_ \/ _` | \ \ \ \
 \\/  ___)| |_)| | | | | || (_| |  ) ) ) )
  '  |____| .__|_| |_|_| |_\__, | / / / /
 =========|_|==============|___/=/_/_/_/
 :: Spring Boot ::       (v2.7.0-SNAPSHOT)

2022-05-17 22:45:22.917  INFO 3986 --- [    Test worker] c.e.t.s.w.controller.BankControllerTest  : Starting BankControllerTest using Java 11.0.14.1 on sevBook3674.fritz.box with PID 3986 (started by nicowickersheim in /Users/nicowickersheim/development/kotlin-springboot)
2022-05-17 22:45:22.918  INFO 3986 --- [    Test worker] c.e.t.s.w.controller.BankControllerTest  : No active profile set, falling back to 1 default profile: "default"
2022-05-17 22:45:23.572  INFO 3986 --- [    Test worker] o.s.b.a.w.s.WelcomePageHandlerMapping    : Adding welcome page: class path resource [static/index.html]
2022-05-17 22:45:23.689  INFO 3986 --- [    Test worker] o.s.b.t.m.w.SpringBootMockServletContext : Initializing Spring TestDispatcherServlet ''
2022-05-17 22:45:23.690  INFO 3986 --- [    Test worker] o.s.t.web.servlet.TestDispatcherServlet  : Initializing Servlet ''
2022-05-17 22:45:23.690  INFO 3986 --- [    Test worker] o.s.t.web.servlet.TestDispatcherServlet  : Completed initialization in 0 ms
2022-05-17 22:45:23.700  INFO 3986 --- [    Test worker] c.e.t.s.w.controller.BankControllerTest  : Started BankControllerTest in 0.97 seconds (JVM running for 1.612)
2022-05-17 22:45:23.717  INFO 3986 --- [    Test worker] .b.t.c.SpringBootTestContextBootstrapper : Neither @ContextConfiguration nor @ContextHierarchy found for test class [com.example.tutorials.spingboot.wicke.controller.BankControllerTest$PostNewBank], using SpringBootContextLoader
2022-05-17 22:45:23.717  INFO 3986 --- [    Test worker] o.s.t.c.support.AbstractContextLoader    : Could not detect default resource locations for test class [com.example.tutorials.spingboot.wicke.controller.BankControllerTest$PostNewBank]: no resource found for suffixes {-context.xml, Context.groovy}.
2022-05-17 22:45:23.717  INFO 3986 --- [    Test worker] t.c.s.AnnotationConfigContextLoaderUtils : Could not detect default configuration classes for test class [com.example.tutorials.spingboot.wicke.controller.BankControllerTest$PostNewBank]: PostNewBank does not declare any static, non-private, non-final, nested classes annotated with @Configuration.
2022-05-17 22:45:23.719  INFO 3986 --- [    Test worker] .b.t.c.SpringBootTestContextBootstrapper : Found @SpringBootConfiguration com.example.tutorials.spingboot.wicke.WickeApplication for test class com.example.tutorials.spingboot.wicke.controller.BankControllerTest$PostNewBank
2022-05-17 22:45:23.720  INFO 3986 --- [    Test worker] .b.t.c.SpringBootTestContextBootstrapper : Loaded default TestExecutionListener class names from location [META-INF/spring.factories]: [org.springframework.boot.test.autoconfigure.restdocs.RestDocsTestExecutionListener, org.springframework.boot.test.autoconfigure.web.client.MockRestServiceServerResetTestExecutionListener, org.springframework.boot.test.autoconfigure.web.servlet.MockMvcPrintOnlyOnFailureTestExecutionListener, org.springframework.boot.test.autoconfigure.web.servlet.WebDriverTestExecutionListener, org.springframework.boot.test.autoconfigure.webservices.client.MockWebServiceServerTestExecutionListener, org.springframework.boot.test.mock.mockito.MockitoTestExecutionListener, org.springframework.boot.test.mock.mockito.ResetMocksTestExecutionListener, org.springframework.test.context.web.ServletTestExecutionListener, org.springframework.test.context.support.DirtiesContextBeforeModesTestExecutionListener, org.springframework.test.context.event.ApplicationEventsTestExecutionListener, org.springframework.test.context.support.DependencyInjectionTestExecutionListener, org.springframework.test.context.support.DirtiesContextTestExecutionListener, org.springframework.test.context.transaction.TransactionalTestExecutionListener, org.springframework.test.context.jdbc.SqlScriptsTestExecutionListener, org.springframework.test.context.event.EventPublishingTestExecutionListener]
2022-05-17 22:45:23.721  INFO 3986 --- [    Test worker] .b.t.c.SpringBootTestContextBootstrapper : Using TestExecutionListeners: [org.springframework.test.context.web.ServletTestExecutionListener@a90e2c1, org.springframework.test.context.support.DirtiesContextBeforeModesTestExecutionListener@89caf47, org.springframework.test.context.event.ApplicationEventsTestExecutionListener@370ef50b, org.springframework.boot.test.mock.mockito.MockitoTestExecutionListener@2b877a54, org.springframework.boot.test.autoconfigure.SpringBootDependencyInjectionTestExecutionListener@268c030f, org.springframework.test.context.support.DirtiesContextTestExecutionListener@4b87760e, org.springframework.test.context.event.EventPublishingTestExecutionListener@be164d8, org.springframework.boot.test.autoconfigure.restdocs.RestDocsTestExecutionListener@1b24ea2a, org.springframework.boot.test.autoconfigure.web.client.MockRestServiceServerResetTestExecutionListener@5df6163a, org.springframework.boot.test.autoconfigure.web.servlet.MockMvcPrintOnlyOnFailureTestExecutionListener@2d313c8c, org.springframework.boot.test.autoconfigure.web.servlet.WebDriverTestExecutionListener@2df65a56, org.springframework.boot.test.autoconfigure.webservices.client.MockWebServiceServerTestExecutionListener@113f9078, org.springframework.boot.test.mock.mockito.ResetMocksTestExecutionListener@7c1503a3]

MockHttpServletRequest:
      HTTP Method = POST
      Request URI = /api/banks
       Parameters = {}
          Headers = [Content-Type:"application/json;charset=UTF-8", Content-Length:"58"]
             Body = {"accountNumber":"1234","trust":31.415,"transactionFee":2}
    Session Attrs = {}

Handler:
             Type = com.example.tutorials.spingboot.wicke.controller.BankController
           Method = com.example.tutorials.spingboot.wicke.controller.BankController#addBank(Bank)

Async:
    Async started = false
     Async result = null

Resolved Exception:
             Type = java.lang.IllegalArgumentException

ModelAndView:
        View name = null
             View = null
            Model = null

FlashMap:
       Attributes = null

MockHttpServletResponse:
           Status = 400
    Error message = null
          Headers = [Content-Type:"text/plain;charset=UTF-8", Content-Length:"30"]
     Content type = text/plain;charset=UTF-8
             Body = Bank with 1234 already exists!
    Forwarded URL = null
   Redirected URL = null
          Cookies = []
]]></system-out>
  <system-err><![CDATA[]]></system-err>
</testsuite>
