<?xml version="1.0" encoding="UTF-8"?>
<testsuite name="com.example.tutorials.spingboot.wicke.controller.BankControllerTest" tests="1" skipped="0" failures="0" errors="0" timestamp="2022-05-16T20:58:00" hostname="sevBook3674.fritz.box" time="0.073">
  <properties/>
  <testcase name="should return all banks()" classname="com.example.tutorials.spingboot.wicke.controller.BankControllerTest" time="0.073"/>
  <system-out><![CDATA[2022-05-16 22:58:00.091  INFO 49248 --- [    Test worker] .b.t.c.SpringBootTestContextBootstrapper : Neither @ContextConfiguration nor @ContextHierarchy found for test class [com.example.tutorials.spingboot.wicke.controller.BankControllerTest], using SpringBootContextLoader
2022-05-16 22:58:00.091  INFO 49248 --- [    Test worker] o.s.t.c.support.AbstractContextLoader    : Could not detect default resource locations for test class [com.example.tutorials.spingboot.wicke.controller.BankControllerTest]: no resource found for suffixes {-context.xml, Context.groovy}.
2022-05-16 22:58:00.091  INFO 49248 --- [    Test worker] t.c.s.AnnotationConfigContextLoaderUtils : Could not detect default configuration classes for test class [com.example.tutorials.spingboot.wicke.controller.BankControllerTest]: BankControllerTest does not declare any static, non-private, non-final, nested classes annotated with @Configuration.
2022-05-16 22:58:00.099  INFO 49248 --- [    Test worker] .b.t.c.SpringBootTestContextBootstrapper : Found @SpringBootConfiguration com.example.tutorials.spingboot.wicke.WickeApplication for test class com.example.tutorials.spingboot.wicke.controller.BankControllerTest
2022-05-16 22:58:00.099  INFO 49248 --- [    Test worker] .b.t.c.SpringBootTestContextBootstrapper : Loaded default TestExecutionListener class names from location [META-INF/spring.factories]: [org.springframework.boot.test.autoconfigure.restdocs.RestDocsTestExecutionListener, org.springframework.boot.test.autoconfigure.web.client.MockRestServiceServerResetTestExecutionListener, org.springframework.boot.test.autoconfigure.web.servlet.MockMvcPrintOnlyOnFailureTestExecutionListener, org.springframework.boot.test.autoconfigure.web.servlet.WebDriverTestExecutionListener, org.springframework.boot.test.autoconfigure.webservices.client.MockWebServiceServerTestExecutionListener, org.springframework.boot.test.mock.mockito.MockitoTestExecutionListener, org.springframework.boot.test.mock.mockito.ResetMocksTestExecutionListener, org.springframework.test.context.web.ServletTestExecutionListener, org.springframework.test.context.support.DirtiesContextBeforeModesTestExecutionListener, org.springframework.test.context.event.ApplicationEventsTestExecutionListener, org.springframework.test.context.support.DependencyInjectionTestExecutionListener, org.springframework.test.context.support.DirtiesContextTestExecutionListener, org.springframework.test.context.transaction.TransactionalTestExecutionListener, org.springframework.test.context.jdbc.SqlScriptsTestExecutionListener, org.springframework.test.context.event.EventPublishingTestExecutionListener]
2022-05-16 22:58:00.100  INFO 49248 --- [    Test worker] .b.t.c.SpringBootTestContextBootstrapper : Using TestExecutionListeners: [org.springframework.test.context.web.ServletTestExecutionListener@1cee2e10, org.springframework.test.context.support.DirtiesContextBeforeModesTestExecutionListener@7f4e5a39, org.springframework.test.context.event.ApplicationEventsTestExecutionListener@33de7f3d, org.springframework.boot.test.mock.mockito.MockitoTestExecutionListener@30159886, org.springframework.boot.test.autoconfigure.SpringBootDependencyInjectionTestExecutionListener@5d66ae3a, org.springframework.test.context.support.DirtiesContextTestExecutionListener@50f4b83d, org.springframework.test.context.event.EventPublishingTestExecutionListener@10131289, org.springframework.boot.test.autoconfigure.restdocs.RestDocsTestExecutionListener@c5e69a5, org.springframework.boot.test.autoconfigure.web.client.MockRestServiceServerResetTestExecutionListener@64a1116a, org.springframework.boot.test.autoconfigure.web.servlet.MockMvcPrintOnlyOnFailureTestExecutionListener@11e17893, org.springframework.boot.test.autoconfigure.web.servlet.WebDriverTestExecutionListener@19eea77c, org.springframework.boot.test.autoconfigure.webservices.client.MockWebServiceServerTestExecutionListener@6682e6a5, org.springframework.boot.test.mock.mockito.ResetMocksTestExecutionListener@ac4915e]

  .   ____          _            __ _ _
 /\\ / ___'_ __ _ _(_)_ __  __ _ \ \ \ \
( ( )\___ | '_ | '_| | '_ \/ _` | \ \ \ \
 \\/  ___)| |_)| | | | | || (_| |  ) ) ) )
  '  |____| .__|_| |_|_| |_\__, | / / / /
 =========|_|==============|___/=/_/_/_/
 :: Spring Boot ::       (v2.7.0-SNAPSHOT)

2022-05-16 22:58:00.110  INFO 49248 --- [    Test worker] c.e.t.s.w.controller.BankControllerTest  : Starting BankControllerTest using Java 11.0.14.1 on sevBook3674.fritz.box with PID 49248 (started by nicowickersheim in /Users/nicowickersheim/development/kotlin-springboot)
2022-05-16 22:58:00.110  INFO 49248 --- [    Test worker] c.e.t.s.w.controller.BankControllerTest  : No active profile set, falling back to 1 default profile: "default"
2022-05-16 22:58:00.249  INFO 49248 --- [    Test worker] o.s.b.a.w.s.WelcomePageHandlerMapping    : Adding welcome page: class path resource [static/index.html]
2022-05-16 22:58:00.300  INFO 49248 --- [    Test worker] o.s.b.t.m.w.SpringBootMockServletContext : Initializing Spring TestDispatcherServlet ''
2022-05-16 22:58:00.300  INFO 49248 --- [    Test worker] o.s.t.web.servlet.TestDispatcherServlet  : Initializing Servlet ''
2022-05-16 22:58:00.301  INFO 49248 --- [    Test worker] o.s.t.web.servlet.TestDispatcherServlet  : Completed initialization in 0 ms
2022-05-16 22:58:00.307  INFO 49248 --- [    Test worker] c.e.t.s.w.controller.BankControllerTest  : Started BankControllerTest in 0.206 seconds (JVM running for 1.816)

MockHttpServletRequest:
      HTTP Method = GET
      Request URI = /api/banks
       Parameters = {}
          Headers = []
             Body = null
    Session Attrs = {}

Handler:
             Type = com.example.tutorials.spingboot.wicke.controller.BankController
           Method = com.example.tutorials.spingboot.wicke.controller.BankController#getBanks()

Async:
    Async started = false
     Async result = null

Resolved Exception:
             Type = null

ModelAndView:
        View name = null
             View = null
            Model = null

FlashMap:
       Attributes = null

MockHttpServletResponse:
           Status = 200
    Error message = null
          Headers = [Content-Type:"application/json"]
     Content type = application/json
             Body = [{"accountNumber":"1234","trust":3.0,"transactionFee":1},{"accountNumber":"1334","trust":4.0,"transactionFee":2},{"accountNumber":"1444","trust":5.0,"transactionFee":3}]
    Forwarded URL = null
   Redirected URL = null
          Cookies = []
]]></system-out>
  <system-err><![CDATA[]]></system-err>
</testsuite>
