<?xml version="1.0" encoding="UTF-8"?>
<testsuite name="com.example.tutorials.spingboot.wicke.service.BankServiceTest" tests="1" skipped="0" failures="0" errors="0" timestamp="2022-05-16T20:58:00" hostname="sevBook3674.fritz.box" time="0.171">
  <properties/>
  <testcase name="should call its data source to retrieve banks()" classname="com.example.tutorials.spingboot.wicke.service.BankServiceTest" time="0.171"/>
  <system-out><![CDATA[]]></system-out>
  <system-err><![CDATA[]]></system-err>
</testsuite>
