<?xml version="1.0" encoding="UTF-8"?>
<testsuite name="POST /api/banks" tests="2" skipped="0" failures="0" errors="0" timestamp="2022-05-20T12:53:45" hostname="sevBook3674.fritz.box" time="0.035">
  <properties/>
  <testcase name="should return BAD REQUEST if bank with given account number already exists()" classname="com.example.tutorials.spingboot.wicke.controller.BankControllerTest$PostNewBank" time="0.026"/>
  <testcase name="should add the new bank()" classname="com.example.tutorials.spingboot.wicke.controller.BankControllerTest$PostNewBank" time="0.009"/>
  <system-out><![CDATA[2022-05-20 14:53:45.000  INFO 4573 --- [    Test worker] .b.t.c.SpringBootTestContextBootstrapper : Neither @ContextConfiguration nor @ContextHierarchy found for test class [com.example.tutorials.spingboot.wicke.controller.BankControllerTest$PostNewBank], using SpringBootContextLoader
2022-05-20 14:53:45.000  INFO 4573 --- [    Test worker] o.s.t.c.support.AbstractContextLoader    : Could not detect default resource locations for test class [com.example.tutorials.spingboot.wicke.controller.BankControllerTest$PostNewBank]: no resource found for suffixes {-context.xml, Context.groovy}.
2022-05-20 14:53:45.000  INFO 4573 --- [    Test worker] t.c.s.AnnotationConfigContextLoaderUtils : Could not detect default configuration classes for test class [com.example.tutorials.spingboot.wicke.controller.BankControllerTest$PostNewBank]: PostNewBank does not declare any static, non-private, non-final, nested classes annotated with @Configuration.
2022-05-20 14:53:45.002  INFO 4573 --- [    Test worker] .b.t.c.SpringBootTestContextBootstrapper : Found @SpringBootConfiguration com.example.tutorials.spingboot.wicke.WickeApplication for test class com.example.tutorials.spingboot.wicke.controller.BankControllerTest$PostNewBank
2022-05-20 14:53:45.003  INFO 4573 --- [    Test worker] .b.t.c.SpringBootTestContextBootstrapper : Loaded default TestExecutionListener class names from location [META-INF/spring.factories]: [org.springframework.boot.test.autoconfigure.restdocs.RestDocsTestExecutionListener, org.springframework.boot.test.autoconfigure.web.client.MockRestServiceServerResetTestExecutionListener, org.springframework.boot.test.autoconfigure.web.servlet.MockMvcPrintOnlyOnFailureTestExecutionListener, org.springframework.boot.test.autoconfigure.web.servlet.WebDriverTestExecutionListener, org.springframework.boot.test.autoconfigure.webservices.client.MockWebServiceServerTestExecutionListener, org.springframework.boot.test.mock.mockito.MockitoTestExecutionListener, org.springframework.boot.test.mock.mockito.ResetMocksTestExecutionListener, org.springframework.test.context.web.ServletTestExecutionListener, org.springframework.test.context.support.DirtiesContextBeforeModesTestExecutionListener, org.springframework.test.context.event.ApplicationEventsTestExecutionListener, org.springframework.test.context.support.DependencyInjectionTestExecutionListener, org.springframework.test.context.support.DirtiesContextTestExecutionListener, org.springframework.test.context.transaction.TransactionalTestExecutionListener, org.springframework.test.context.jdbc.SqlScriptsTestExecutionListener, org.springframework.test.context.event.EventPublishingTestExecutionListener]
2022-05-20 14:53:45.003  INFO 4573 --- [    Test worker] .b.t.c.SpringBootTestContextBootstrapper : Using TestExecutionListeners: [org.springframework.test.context.web.ServletTestExecutionListener@65fc8edc, org.springframework.test.context.support.DirtiesContextBeforeModesTestExecutionListener@a357c3e, org.springframework.test.context.event.ApplicationEventsTestExecutionListener@7740b0ab, org.springframework.boot.test.mock.mockito.MockitoTestExecutionListener@3eb9c575, org.springframework.boot.test.autoconfigure.SpringBootDependencyInjectionTestExecutionListener@3f322610, org.springframework.test.context.support.DirtiesContextTestExecutionListener@1e477944, org.springframework.test.context.event.EventPublishingTestExecutionListener@6cf047cf, org.springframework.boot.test.autoconfigure.restdocs.RestDocsTestExecutionListener@1c92a549, org.springframework.boot.test.autoconfigure.web.client.MockRestServiceServerResetTestExecutionListener@323e026d, org.springframework.boot.test.autoconfigure.web.servlet.MockMvcPrintOnlyOnFailureTestExecutionListener@1716c037, org.springframework.boot.test.autoconfigure.web.servlet.WebDriverTestExecutionListener@79b63325, org.springframework.boot.test.autoconfigure.webservices.client.MockWebServiceServerTestExecutionListener@708769b7, org.springframework.boot.test.mock.mockito.ResetMocksTestExecutionListener@32e830a0]

MockHttpServletRequest:
      HTTP Method = POST
      Request URI = /api/banks
       Parameters = {}
          Headers = [Content-Type:"application/json;charset=UTF-8", Content-Length:"58"]
             Body = {"accountNumber":"1234","trust":31.415,"transactionFee":2}
    Session Attrs = {}

Handler:
             Type = com.example.tutorials.spingboot.wicke.controller.BankController
           Method = com.example.tutorials.spingboot.wicke.controller.BankController#addBank(Bank)

Async:
    Async started = false
     Async result = null

Resolved Exception:
             Type = java.lang.IllegalArgumentException

ModelAndView:
        View name = null
             View = null
            Model = null

FlashMap:
       Attributes = null

MockHttpServletResponse:
           Status = 400
    Error message = null
          Headers = [Content-Type:"text/plain;charset=UTF-8", Content-Length:"30"]
     Content type = text/plain;charset=UTF-8
             Body = Bank with 1234 already exists!
    Forwarded URL = null
   Redirected URL = null
          Cookies = []

MockHttpServletRequest:
      HTTP Method = POST
      Request URI = /api/banks
       Parameters = {}
          Headers = [Content-Type:"application/json;charset=UTF-8", Content-Length:"59"]
             Body = {"accountNumber":"ac123","trust":31.415,"transactionFee":2}
    Session Attrs = {}

Handler:
             Type = com.example.tutorials.spingboot.wicke.controller.BankController
           Method = com.example.tutorials.spingboot.wicke.controller.BankController#addBank(Bank)

Async:
    Async started = false
     Async result = null

Resolved Exception:
             Type = null

ModelAndView:
        View name = null
             View = null
            Model = null

FlashMap:
       Attributes = null

MockHttpServletResponse:
           Status = 201
    Error message = null
          Headers = [Content-Type:"application/json"]
     Content type = application/json
             Body = {"accountNumber":"ac123","trust":31.415,"transactionFee":2}
    Forwarded URL = null
   Redirected URL = null
          Cookies = []
]]></system-out>
  <system-err><![CDATA[]]></system-err>
</testsuite>
