<?xml version="1.0" encoding="UTF-8"?>
<testsuite name="getBanks()" tests="1" skipped="0" failures="0" errors="0" timestamp="2022-05-20T12:53:44" hostname="sevBook3674.fritz.box" time="0.327">
  <properties/>
  <testcase name="should return all banks()" classname="com.example.tutorials.spingboot.wicke.controller.BankControllerTest$GetBanks" time="0.327"/>
  <system-out><![CDATA[
  .   ____          _            __ _ _
 /\\ / ___'_ __ _ _(_)_ __  __ _ \ \ \ \
( ( )\___ | '_ | '_| | '_ \/ _` | \ \ \ \
 \\/  ___)| |_)| | | | | || (_| |  ) ) ) )
  '  |____| .__|_| |_|_| |_\__, | / / / /
 =========|_|==============|___/=/_/_/_/
 :: Spring Boot ::       (v2.7.0-SNAPSHOT)

2022-05-20 14:53:43.844  INFO 4573 --- [    Test worker] c.e.t.s.w.controller.BankControllerTest  : Starting BankControllerTest using Java 11.0.14.1 on sevBook3674.fritz.box with PID 4573 (started by nicowickersheim in /Users/nicowickersheim/development/kotlin-springboot)
2022-05-20 14:53:43.846  INFO 4573 --- [    Test worker] c.e.t.s.w.controller.BankControllerTest  : No active profile set, falling back to 1 default profile: "default"
2022-05-20 14:53:44.488  INFO 4573 --- [    Test worker] o.s.b.a.w.s.WelcomePageHandlerMapping    : Adding welcome page: class path resource [static/index.html]
2022-05-20 14:53:44.600  INFO 4573 --- [    Test worker] o.s.b.t.m.w.SpringBootMockServletContext : Initializing Spring TestDispatcherServlet ''
2022-05-20 14:53:44.600  INFO 4573 --- [    Test worker] o.s.t.web.servlet.TestDispatcherServlet  : Initializing Servlet ''
2022-05-20 14:53:44.600  INFO 4573 --- [    Test worker] o.s.t.web.servlet.TestDispatcherServlet  : Completed initialization in 0 ms
2022-05-20 14:53:44.611  INFO 4573 --- [    Test worker] c.e.t.s.w.controller.BankControllerTest  : Started BankControllerTest in 0.92 seconds (JVM running for 1.57)
2022-05-20 14:53:44.627  INFO 4573 --- [    Test worker] .b.t.c.SpringBootTestContextBootstrapper : Neither @ContextConfiguration nor @ContextHierarchy found for test class [com.example.tutorials.spingboot.wicke.controller.BankControllerTest$GetBanks], using SpringBootContextLoader
2022-05-20 14:53:44.628  INFO 4573 --- [    Test worker] o.s.t.c.support.AbstractContextLoader    : Could not detect default resource locations for test class [com.example.tutorials.spingboot.wicke.controller.BankControllerTest$GetBanks]: no resource found for suffixes {-context.xml, Context.groovy}.
2022-05-20 14:53:44.628  INFO 4573 --- [    Test worker] t.c.s.AnnotationConfigContextLoaderUtils : Could not detect default configuration classes for test class [com.example.tutorials.spingboot.wicke.controller.BankControllerTest$GetBanks]: GetBanks does not declare any static, non-private, non-final, nested classes annotated with @Configuration.
2022-05-20 14:53:44.630  INFO 4573 --- [    Test worker] .b.t.c.SpringBootTestContextBootstrapper : Found @SpringBootConfiguration com.example.tutorials.spingboot.wicke.WickeApplication for test class com.example.tutorials.spingboot.wicke.controller.BankControllerTest$GetBanks
2022-05-20 14:53:44.631  INFO 4573 --- [    Test worker] .b.t.c.SpringBootTestContextBootstrapper : Loaded default TestExecutionListener class names from location [META-INF/spring.factories]: [org.springframework.boot.test.autoconfigure.restdocs.RestDocsTestExecutionListener, org.springframework.boot.test.autoconfigure.web.client.MockRestServiceServerResetTestExecutionListener, org.springframework.boot.test.autoconfigure.web.servlet.MockMvcPrintOnlyOnFailureTestExecutionListener, org.springframework.boot.test.autoconfigure.web.servlet.WebDriverTestExecutionListener, org.springframework.boot.test.autoconfigure.webservices.client.MockWebServiceServerTestExecutionListener, org.springframework.boot.test.mock.mockito.MockitoTestExecutionListener, org.springframework.boot.test.mock.mockito.ResetMocksTestExecutionListener, org.springframework.test.context.web.ServletTestExecutionListener, org.springframework.test.context.support.DirtiesContextBeforeModesTestExecutionListener, org.springframework.test.context.event.ApplicationEventsTestExecutionListener, org.springframework.test.context.support.DependencyInjectionTestExecutionListener, org.springframework.test.context.support.DirtiesContextTestExecutionListener, org.springframework.test.context.transaction.TransactionalTestExecutionListener, org.springframework.test.context.jdbc.SqlScriptsTestExecutionListener, org.springframework.test.context.event.EventPublishingTestExecutionListener]
2022-05-20 14:53:44.631  INFO 4573 --- [    Test worker] .b.t.c.SpringBootTestContextBootstrapper : Using TestExecutionListeners: [org.springframework.test.context.web.ServletTestExecutionListener@402f8592, org.springframework.test.context.support.DirtiesContextBeforeModesTestExecutionListener@61b65d54, org.springframework.test.context.event.ApplicationEventsTestExecutionListener@b2c4a8b, org.springframework.boot.test.mock.mockito.MockitoTestExecutionListener@7f2c57fe, org.springframework.boot.test.autoconfigure.SpringBootDependencyInjectionTestExecutionListener@43935e9c, org.springframework.test.context.support.DirtiesContextTestExecutionListener@101cf747, org.springframework.test.context.event.EventPublishingTestExecutionListener@790d8fdd, org.springframework.boot.test.autoconfigure.restdocs.RestDocsTestExecutionListener@6403a4a5, org.springframework.boot.test.autoconfigure.web.client.MockRestServiceServerResetTestExecutionListener@3dbd7107, org.springframework.boot.test.autoconfigure.web.servlet.MockMvcPrintOnlyOnFailureTestExecutionListener@4a6c0f38, org.springframework.boot.test.autoconfigure.web.servlet.WebDriverTestExecutionListener@5f8a02cf, org.springframework.boot.test.autoconfigure.webservices.client.MockWebServiceServerTestExecutionListener@26d5a317, org.springframework.boot.test.mock.mockito.ResetMocksTestExecutionListener@70b6db83]

MockHttpServletRequest:
      HTTP Method = GET
      Request URI = /api/banks
       Parameters = {}
          Headers = []
             Body = null
    Session Attrs = {}

Handler:
             Type = com.example.tutorials.spingboot.wicke.controller.BankController
           Method = com.example.tutorials.spingboot.wicke.controller.BankController#getBanks()

Async:
    Async started = false
     Async result = null

Resolved Exception:
             Type = null

ModelAndView:
        View name = null
             View = null
            Model = null

FlashMap:
       Attributes = null

MockHttpServletResponse:
           Status = 200
    Error message = null
          Headers = [Content-Type:"application/json"]
     Content type = application/json
             Body = [{"accountNumber":"1234","trust":3.14,"transactionFee":17},{"accountNumber":"1334","trust":4.0,"transactionFee":2},{"accountNumber":"1444","trust":5.0,"transactionFee":3}]
    Forwarded URL = null
   Redirected URL = null
          Cookies = []
]]></system-out>
  <system-err><![CDATA[]]></system-err>
</testsuite>
