<?xml version="1.0" encoding="UTF-8"?>
<testsuite name="DELETE /api/banks/{accountNumber" tests="2" skipped="0" failures="0" errors="0" timestamp="2022-05-20T12:53:45" hostname="sevBook3674.fritz.box" time="0.009">
  <properties/>
  <testcase name="should delete the bank with the given account number()" classname="com.example.tutorials.spingboot.wicke.controller.BankControllerTest$DeleteExistingBank" time="0.005"/>
  <testcase name="should return NOT found if no bank with the given account number exits()" classname="com.example.tutorials.spingboot.wicke.controller.BankControllerTest$DeleteExistingBank" time="0.004"/>
  <system-out><![CDATA[2022-05-20 14:53:45.056  INFO 4573 --- [    Test worker] .b.t.c.SpringBootTestContextBootstrapper : Neither @ContextConfiguration nor @ContextHierarchy found for test class [com.example.tutorials.spingboot.wicke.controller.BankControllerTest$DeleteExistingBank], using SpringBootContextLoader
2022-05-20 14:53:45.056  INFO 4573 --- [    Test worker] o.s.t.c.support.AbstractContextLoader    : Could not detect default resource locations for test class [com.example.tutorials.spingboot.wicke.controller.BankControllerTest$DeleteExistingBank]: no resource found for suffixes {-context.xml, Context.groovy}.
2022-05-20 14:53:45.056  INFO 4573 --- [    Test worker] t.c.s.AnnotationConfigContextLoaderUtils : Could not detect default configuration classes for test class [com.example.tutorials.spingboot.wicke.controller.BankControllerTest$DeleteExistingBank]: DeleteExistingBank does not declare any static, non-private, non-final, nested classes annotated with @Configuration.
2022-05-20 14:53:45.058  INFO 4573 --- [    Test worker] .b.t.c.SpringBootTestContextBootstrapper : Found @SpringBootConfiguration com.example.tutorials.spingboot.wicke.WickeApplication for test class com.example.tutorials.spingboot.wicke.controller.BankControllerTest$DeleteExistingBank
2022-05-20 14:53:45.059  INFO 4573 --- [    Test worker] .b.t.c.SpringBootTestContextBootstrapper : Loaded default TestExecutionListener class names from location [META-INF/spring.factories]: [org.springframework.boot.test.autoconfigure.restdocs.RestDocsTestExecutionListener, org.springframework.boot.test.autoconfigure.web.client.MockRestServiceServerResetTestExecutionListener, org.springframework.boot.test.autoconfigure.web.servlet.MockMvcPrintOnlyOnFailureTestExecutionListener, org.springframework.boot.test.autoconfigure.web.servlet.WebDriverTestExecutionListener, org.springframework.boot.test.autoconfigure.webservices.client.MockWebServiceServerTestExecutionListener, org.springframework.boot.test.mock.mockito.MockitoTestExecutionListener, org.springframework.boot.test.mock.mockito.ResetMocksTestExecutionListener, org.springframework.test.context.web.ServletTestExecutionListener, org.springframework.test.context.support.DirtiesContextBeforeModesTestExecutionListener, org.springframework.test.context.event.ApplicationEventsTestExecutionListener, org.springframework.test.context.support.DependencyInjectionTestExecutionListener, org.springframework.test.context.support.DirtiesContextTestExecutionListener, org.springframework.test.context.transaction.TransactionalTestExecutionListener, org.springframework.test.context.jdbc.SqlScriptsTestExecutionListener, org.springframework.test.context.event.EventPublishingTestExecutionListener]
2022-05-20 14:53:45.059  INFO 4573 --- [    Test worker] .b.t.c.SpringBootTestContextBootstrapper : Using TestExecutionListeners: [org.springframework.test.context.web.ServletTestExecutionListener@58fbcb71, org.springframework.test.context.support.DirtiesContextBeforeModesTestExecutionListener@70cf7d1e, org.springframework.test.context.event.ApplicationEventsTestExecutionListener@72f3f14c, org.springframework.boot.test.mock.mockito.MockitoTestExecutionListener@4cb4c4cc, org.springframework.boot.test.autoconfigure.SpringBootDependencyInjectionTestExecutionListener@4a122e68, org.springframework.test.context.support.DirtiesContextTestExecutionListener@41be8db9, org.springframework.test.context.event.EventPublishingTestExecutionListener@2c2a7d53, org.springframework.boot.test.autoconfigure.restdocs.RestDocsTestExecutionListener@46524ebe, org.springframework.boot.test.autoconfigure.web.client.MockRestServiceServerResetTestExecutionListener@1de85972, org.springframework.boot.test.autoconfigure.web.servlet.MockMvcPrintOnlyOnFailureTestExecutionListener@280ecc33, org.springframework.boot.test.autoconfigure.web.servlet.WebDriverTestExecutionListener@57b1ec84, org.springframework.boot.test.autoconfigure.webservices.client.MockWebServiceServerTestExecutionListener@3c27f72, org.springframework.boot.test.mock.mockito.ResetMocksTestExecutionListener@5cbe95b1]

MockHttpServletRequest:
      HTTP Method = DELETE
      Request URI = /api/banks/1234
       Parameters = {}
          Headers = []
             Body = null
    Session Attrs = {}

Handler:
             Type = com.example.tutorials.spingboot.wicke.controller.BankController
           Method = com.example.tutorials.spingboot.wicke.controller.BankController#deleteBank(String)

Async:
    Async started = false
     Async result = null

Resolved Exception:
             Type = null

ModelAndView:
        View name = null
             View = null
            Model = null

FlashMap:
       Attributes = null

MockHttpServletResponse:
           Status = 204
    Error message = null
          Headers = []
     Content type = null
             Body = 
    Forwarded URL = null
   Redirected URL = null
          Cookies = []

MockHttpServletRequest:
      HTTP Method = DELETE
      Request URI = /api/banks/dasd
       Parameters = {}
          Headers = []
             Body = null
    Session Attrs = {}

Handler:
             Type = com.example.tutorials.spingboot.wicke.controller.BankController
           Method = com.example.tutorials.spingboot.wicke.controller.BankController#deleteBank(String)

Async:
    Async started = false
     Async result = null

Resolved Exception:
             Type = java.util.NoSuchElementException

ModelAndView:
        View name = null
             View = null
            Model = null

FlashMap:
       Attributes = null

MockHttpServletResponse:
           Status = 404
    Error message = null
          Headers = [Content-Type:"text/plain;charset=UTF-8", Content-Length:"22"]
     Content type = text/plain;charset=UTF-8
             Body = Could not find a bank.
    Forwarded URL = null
   Redirected URL = null
          Cookies = []
]]></system-out>
  <system-err><![CDATA[]]></system-err>
</testsuite>
