<?xml version="1.0" encoding="UTF-8"?>
<testsuite name="com.example.tutorials.spingboot.wicke.datasource.mock.MockBankDataSourceTest" tests="2" skipped="0" failures="0" errors="0" timestamp="2022-05-16T20:58:00" hostname="sevBook3674.fritz.box" time="0.031">
  <properties/>
  <testcase name="should provide a collection of banks()" classname="com.example.tutorials.spingboot.wicke.datasource.mock.MockBankDataSourceTest" time="0.027"/>
  <testcase name="should provide some mock data ()" classname="com.example.tutorials.spingboot.wicke.datasource.mock.MockBankDataSourceTest" time="0.004"/>
  <system-out><![CDATA[]]></system-out>
  <system-err><![CDATA[]]></system-err>
</testsuite>
